---------------------------  bradpitch.pjt - Debug  ---------------------------
[brad_phasevoc.c] "C:\CCStudio_v3.1\C6000\cgtools\bin\cl6x" -g -fr"c:/CCStudio_v3.1/myprojects/bradpitch/Debug" -i"C:/CCStudio_v3.1/C6000/dsk6416/include" -i"C:/CCStudio_v3.1/c6400/dsplib/include" -d"CHIP_6416" -mv6400 --mem_model:data=far -@"Debug.lkf" "brad_phasevoc.c"
"brad_phasevoc.c", line 49: error: expected a ")"
"brad_phasevoc.c", line 51: error: expected a ")"
"brad_phasevoc.c", line 51: error: unnamed prototyped parameters not allowed when body is present
"brad_phasevoc.c", line 54: error: expected a ";"
"brad_phasevoc.c", line 56: error: identifier "hopSizeOut" is undefined
"brad_phasevoc.c", line 71: error: incomplete type is not allowed
"brad_phasevoc.c", line 72: error: incomplete type is not allowed
"brad_phasevoc.c", line 91: error: identifier "phi" is undefined
"brad_phasevoc.c", line 94: error: identifier "pPhi" is undefined
"brad_phasevoc.c", line 98: error: expected a ")"
"brad_phasevoc.c", line 101: error: expected a ";"
"brad_phasevoc.c", line 106: error: identifier "preOutputFrame" is undefined
"brad_phasevoc.c", line 106: error: extra text after expected end of number
"brad_phasevoc.c", line 109: error: identifier "segment" is undefined
"brad_phasevoc.c", line 112: error: identifier "q" is undefined
"brad_phasevoc.c", line 112: error: identifier "hopOutIndex" is undefined
"brad_phasevoc.c", line 114: error: identifier "PROESS_SIZE" is undefined
"brad_phasevoc.c", line 116: error: identifier "HOP_SIZE_OUT" is undefined
"brad_phasevoc.c", line 117: error: identifier "outputBuffer" is undefined
"brad_phasevoc.c", line 117: error: identifier "outputFrame" is undefined
"brad_phasevoc.c", line 120: error: identifier "outputBuffer" is undefined
"brad_phasevoc.c", line 120: error: identifier "outputFrame" is undefined
"brad_phasevoc.c", line 124: error: struct "PhaseVocoder_t" has no field "hopOutIndex"
"brad_phasevoc.c", line 124: error: identifier "hopOutIndex" is undefined
"brad_phasevoc.c", line 124: error: identifier "hopSizeOut" is undefined
"brad_phasevoc.c", line 125: error: struct "PhaseVocoder_t" has no field "hopOutIndex"
"brad_phasevoc.c", line 125: error: expected an expression
"brad_phasevoc.c", line 126: error: struct "PhaseVocoder_t" has no field "hopOutIndex"
"brad_phasevoc.c", line 126: error: struct "PhaseVocoder_t" has no field "hopOutIndex"
"brad_phasevoc.c", line 126: error: expected an expression
"brad_phasevoc.c", line 129: error: identifier "rpi" is undefined
"brad_phasevoc.c", line 131: error: identifier "readyToRead" is undefined
"brad_phasevoc.c", line 132: error: identifier "pShift" is undefined
"brad_phasevoc.c", line 135: error: expected an expression
"brad_phasevoc.c", line 136: error: identifier "buffersize" is undefined
"brad_phasevoc.c", line 138: warning: last line of file ends without a newline
"brad_phasevoc.c", line 63: warning: variable "angle" was declared but never referenced
"brad_phasevoc.c", line 63: warning: variable "Phi" was declared but never referenced
"brad_phasevoc.c", line 63: warning: variable "prevPhi" was declared but never referenced
"brad_phasevoc.c", line 68: warning: variable "frameSize" was declared but never referenced
"brad_phasevoc.c", line 69: warning: variable "segSize" was declared but never referenced
35 errors detected in the compilation of "brad_phasevoc.c".

>> Compilation failure

Build Complete,
  35 Errors, 6 Warnings, 0 Remarks.
